<?xml version="1.0" encoding="UTF-8"?>
<testng-results ignored="0" total="1" passed="1" failed="0" skipped="0">
  <reporter-output>
  </reporter-output>
  <suite started-at="2021-11-17T16:42:06 IST" name="Default suite" finished-at="2021-11-17T16:43:52 IST" duration-ms="106608">
    <groups>
    </groups>
    <test started-at="2021-11-17T16:42:06 IST" name="Default test" finished-at="2021-11-17T16:43:52 IST" duration-ms="106608">
      <class name="com.vtiger.purchaseorder.CreatePOwithMandatoryTest">
        <test-method is-config="true" signature="openBrowser()[pri:0, instance:com.vtiger.purchaseorder.CreatePOwithMandatoryTest@13fd2ccd]" started-at="2021-11-17T16:42:06 IST" name="openBrowser" finished-at="2021-11-17T16:42:08 IST" duration-ms="2934" status="PASS">
          <reporter-output>
          </reporter-output>
        </test-method> <!-- openBrowser -->
        <test-method is-config="true" signature="login()[pri:0, instance:com.vtiger.purchaseorder.CreatePOwithMandatoryTest@13fd2ccd]" started-at="2021-11-17T16:42:08 IST" name="login" finished-at="2021-11-17T16:42:45 IST" duration-ms="36316" status="PASS">
          <reporter-output>
          </reporter-output>
        </test-method> <!-- login -->
        <test-method signature="createPOwithMandatoryTest()[pri:0, instance:com.vtiger.purchaseorder.CreatePOwithMandatoryTest@13fd2ccd]" started-at="2021-11-17T16:42:45 IST" name="createPOwithMandatoryTest" finished-at="2021-11-17T16:43:46 IST" duration-ms="60760" status="PASS">
          <reporter-output>
          </reporter-output>
        </test-method> <!-- createPOwithMandatoryTest -->
        <test-method is-config="true" signature="logout()[pri:0, instance:com.vtiger.purchaseorder.CreatePOwithMandatoryTest@13fd2ccd]" started-at="2021-11-17T16:43:46 IST" name="logout" finished-at="2021-11-17T16:43:52 IST" duration-ms="6456" status="PASS">
          <reporter-output>
          </reporter-output>
        </test-method> <!-- logout -->
        <test-method is-config="true" signature="closeBrowser()[pri:0, instance:com.vtiger.purchaseorder.CreatePOwithMandatoryTest@13fd2ccd]" started-at="2021-11-17T16:43:52 IST" name="closeBrowser" finished-at="2021-11-17T16:43:52 IST" duration-ms="103" status="PASS">
          <reporter-output>
          </reporter-output>
        </test-method> <!-- closeBrowser -->
      </class> <!-- com.vtiger.purchaseorder.CreatePOwithMandatoryTest -->
    </test> <!-- Default test -->
  </suite> <!-- Default suite -->
</testng-results>
